<?xml version="1.0" encoding="UTF-8"?>
<!-- Generated by org.testng.reporters.JUnitReportReporter -->
<testsuite hostname="baraas-Air" failures="0" tests="5" name="tests.login" time="17.726" errors="0" timestamp="29 Oct 2019 14:43:15 GMT" skipped="0">
  <testcase classname="tests.login" name="displayProperPlaceholder" time="5.762"/>
  <testcase classname="tests.login" name="displayProperSearchResult" time="2.860"/>
  <testcase classname="tests.login" name="displayProperUrlForSearchResult" time="2.251"/>
  <testcase classname="tests.login" name="openTheSelectedRepo" time="3.644"/>
  <testcase classname="tests.login" name="checkingRepoDetails" time="3.209"/>
</testsuite> <!-- tests.login -->
