<?xml version="1.0" encoding="UTF-8"?>
<!-- Generated by org.testng.reporters.JUnitReportReporter -->
<testsuite hostname="baraas-Air" failures="0" tests="5" name="tests.acceptedConditions" time="20.344" errors="0" timestamp="29 Oct 2019 14:49:52 GMT" skipped="0">
  <testcase classname="tests.acceptedConditions" name="displayProperPlaceholder" time="6.488"/>
  <testcase classname="tests.acceptedConditions" name="displayProperSearchResult" time="3.060"/>
  <testcase classname="tests.acceptedConditions" name="displayProperUrlForSearchResult" time="2.093"/>
  <testcase classname="tests.acceptedConditions" name="openTheSelectedRepo" time="4.282"/>
  <testcase classname="tests.acceptedConditions" name="checkingRepoDetails" time="4.421"/>
</testsuite> <!-- tests.acceptedConditions -->
